# JRE version: OpenJDK Runtime Environment (21.0.4+7) (build 21.0.4+7-Ubuntu-1ubuntu222.04)
# Java VM: OpenJDK 64-Bit Server VM (21.0.4+7-Ubuntu-1ubuntu222.04, mixed mode, sharing, tiered, compressed oops, compressed class ptrs, g1 gc, linux-amd64)
GC Precious Log:
 CardTable entry size: 512
 Card Set container configuration: InlinePtr #cards 4 size 8 Array Of Cards #cards 16 size 48 Howl #buckets 8 coarsen threshold 3686 Howl Bitmap #cards 512 size 80 coarsen threshold 460 Card regions per heap region 1 cards per card region 4096
 CPUs: 12 total, 12 available
 Memory: 15904M
 Large Page Support: Disabled
 NUMA Support: Disabled
 Compressed Oops: Enabled (Zero based)
 Heap Region Size: 2M
 Heap Min Capacity: 8M
 Heap Initial Capacity: 250M
 Heap Max Capacity: 3978M
 Pre-touch: Disabled
 Parallel Workers: 10
 Concurrent Workers: 3
 Concurrent Refinement Workers: 10
 Periodic GC: Disabled
Heap:
 garbage-first heap   total 258048K, used 157123K [0x0000000707600000, 0x0000000800000000)
  region size 2048K, 60 young (122880K), 4 survivors (8192K)
 Metaspace       used 17512K, committed 17856K, reserved 1114112K
  class space    used 1741K, committed 1920K, reserved 1048576K
GC Heap History (6 events):
Event: 3.734 GC heap before
{Heap before GC invocations=0 (full 0):
 garbage-first heap   total 258048K, used 23582K [0x0000000707600000, 0x0000000800000000)
  region size 2048K, 11 young (22528K), 0 survivors (0K)
 Metaspace       used 11749K, committed 12032K, reserved 1114112K
  class space    used 1351K, committed 1472K, reserved 1048576K
}
Event: 3.736 GC heap after
{Heap after GC invocations=1 (full 0):
 garbage-first heap   total 258048K, used 5177K [0x0000000707600000, 0x0000000800000000)
  region size 2048K, 2 young (4096K), 2 survivors (4096K)
 Metaspace       used 11749K, committed 12032K, reserved 1114112K
  class space    used 1351K, committed 1472K, reserved 1048576K
}
Event: 3.871 GC heap before
{Heap before GC invocations=1 (full 0):
 garbage-first heap   total 258048K, used 48185K [0x0000000707600000, 0x0000000800000000)
  region size 2048K, 23 young (47104K), 2 survivors (4096K)
 Metaspace       used 12631K, committed 12864K, reserved 1114112K
  class space    used 1447K, committed 1536K, reserved 1048576K
}
Event: 3.873 GC heap after
{Heap after GC invocations=2 (full 0):
 garbage-first heap   total 258048K, used 6202K [0x0000000707600000, 0x0000000800000000)
  region size 2048K, 1 young (2048K), 1 survivors (2048K)
 Metaspace       used 12631K, committed 12864K, reserved 1114112K
  class space    used 1447K, committed 1536K, reserved 1048576K
}
Event: 141.546 GC heap before
{Heap before GC invocations=2 (full 0):
 garbage-first heap   total 258048K, used 190522K [0x0000000707600000, 0x0000000800000000)
  region size 2048K, 75 young (153600K), 1 survivors (2048K)
 Metaspace       used 17338K, committed 17664K, reserved 1114112K
  class space    used 1741K, committed 1920K, reserved 1048576K
}
Event: 141.549 GC heap after
{Heap after GC invocations=3 (full 0):
 garbage-first heap   total 258048K, used 44483K [0x0000000707600000, 0x0000000800000000)
  region size 2048K, 4 young (8192K), 4 survivors (8192K)
 Metaspace       used 17338K, committed 17664K, reserved 1114112K
  class space    used 1741K, committed 1920K, reserved 1048576K
}

